[   0.0000] Initalizing cgroup subsys cpuset
[    0.000000] Initializing cgroup subsys cpu
[    0.000000] Initializing cgroup subsys cpuacct
[    0.000000] Linux version 4.4.0-98-generic (buildd@lcy01-03) (gcc version 5.4.0 20160609 (Ubuntu 5.4.0-6ubuntu1~16.04.4) ) #121-Ubuntu SMP Tue Oct 10 14:24:03 UTC 2017 (Ubuntu 4.4.0-98.121-generic 4.4.90)
[    0.000000] Command line: BOOT_IMAGE=/boot/vmlinuz-4.4.0-98-generic root=LABEL=cloudimg-rootfs ro console=tty1 console=ttyS0
[    0.000000] KERNEL supported cpus:
[    0.000000]   Intel GenuineIntel
[    0.000000]   AMD AuthenticAMD
[    0.000000]   Centaur CentaurHauls
[    0.000000] x86/fpu: xstate_offst[2]: 576, xstate_sizes[2]  256
[    0.000000] x86/fpu: Supporting XSAVE feature 0x01: 'x87 floating point registers'
[    0.000000] x86/fpu: Supporting XSAVE feature 0x02: 'SSE registers'
[    0.000000] x86/fpu: Supporting XSAVE feature 0x04: 'AVX registers'
[    0.000000] x86/fpu: Enabled xstate features 0x7, context size is 832 bytes, using 'standard' format.
[    0.000000] x86/fpu: Using 'lazy' FPU context switches.
[    0.000000] e820: BIOS-provided physical RAM map:
[    0.000000] BIOS-e820: [mem 0x0000000000000000-0x000000000009fbff] usable
[    0.000000] BIOS-e820: [mem 0x000000000009fc00-0x000000000009ffff] reservd
[    0.000000] BIOS-e820: [mem 0x0000000000f000-0x0000000000fffff] reserved
[    0.000000] BIOS-e820: [mem 0x00000000100000-0x000000003ffeffff] usable
[    0.000000] BIOS-e820: [mem 0x000000003fff0000-0x000000003fffffff] ACPI data
[    0.000000] BIOS-e820: [mem 0x00000000fec00000-0x00000000fec00fff] reserved
[    0.00000] BIOS-e820: [mem 0x00000000fee00000-0x00000000fee00fff] reserved
[    0.000000] BIOS-e820: [mem 0x00000000fffc0000-0x00000000ffffffff] reserved
[    0.000000] NX (Execute Disable) protection: active
[    0.00000 SMBIOS 2.5 present.
[    0.000000] Hypervisor detected: KVM
[    0.000000] e820: last_pfn = 0x3fff0 max_arch_pfn = 0x400000000
[    0.000000] MTRR: Disabled
[    0.000000] x86/PAT: MTRRs disabled, skipping PAT initialization too.
[    0.000000] CPU MTRRs all blank - virtualized system.
[    0.000000] x86/PAT: Configuration [0-7]: WB  WT  UC- UC  WB  WT  UC- UC  
[    0.000000] found SMP MP-table at [mem 0x0009fff0-0x0009ffff] mapped at [ffff88000009fff0]
[    0.000000] Scanning 1 areas for low memory corruption
[    0.000000] RAMDISK: [mem 0x36acc000-0x3755dfff]
[    0.000000] ACPI: Early table checksum verification dsabled
[    0.000000] ACPI: RSDP 0x00000000000E0000 000024 (v02 VBOX  )
[    0.000000] ACPI: XSDT 0x000000003FFF003 00003C (v01 VBOX   VBOXXSDT 00000001 ASL  0000061)
    0.000000] API: FACP 0x000000003FFF00F0 0000F4 (v04 VBOX   VBOXFACP 00000001 ASL  00000061)
[    0.000000] ACPI: DSDT 0x000000003FFF0470 0021FF (v02 VBOX   VBOXBIOS 00000002 INTL 20100528)
[    0.000000] ACPI: FACS 0x000000003FFF0200 000040
[    0.000000] ACPI: FACS 0x000000003FFF0200 000040
[    0.000000] ACPI: APIC 0x000000003FFF0240 00005C (v02 VBOX   VBOXAPIC 00000001 ASL  00000061)
[    0.000000] ACPI: SSDT 0x000000003FFF02A0 0001CC (v01 VBOX   VBOXCPUT 00000002 INTL 20100528)
[    0.000000] No NUMA configuration found
[    0.000000] Faking a node at [mem 0x0000000000000000-0x000000003ffeffff]
[    0.000000] NODE_DATA(0) allocated [mem 0x3ffeb0000-0x3ffeffff]
[    0.000000] kvm-clock: Using msrs 4b564d01 and 4b564d00
[    0.000000] kvm-clock: cpu 0, msr 0:3ffe3001, primary cpu clock
[    0.000000] kvm-clock: using sched offset of 3665923663 cycles
[    0.000000] clocksource: kvm-clock: mask: 0xffffffffffffffff max_cycles: 0x1cd42e4dffb, max_idle_ns: 881590591483 ns
[    0.000000] Zone ranges:
[    0.000000]   DMA      [mem 0x0000000000001000-0x0000000000ffffff]
[    0.000000]   DMA32    [mem 0x0000000001000000-0x000000003ffeffff]
[    0.000000]   Normal   empty
[    0.000000]   Device   empty
[    0.000000] Movable zone start for each node
[    0.000000] Early memory node ranges
[    0.000000]   node   0: [mem 0x0000000000001000-0x000000000009efff]
[    0.000000]   node   0: [mem 0x000000000100000-0x000000003ffeffff]
[    0.000000] Initmem setup node 0 [mem 0x0000000000001000-0x000000003ffefff]
[    0.000000] ACPI: PM-Timer IO Port: 0x4008
[    0.000000] IOAPIC[0]: apic_id 2, version 32, address 0xfec00000, GSI 0-23
[    0.000000] ACPI: INT_SRC_OVR (bus 0 bus_irq 0 global_irq 2 dfl dfl)
[    0.000000] ACPI: INT_SRC_OVR (bus 0 bus_irq 9 global_irq 9 low level)
[    0.000000] Using ACPI (MADT) for SMP configuration information
[    0.000000] smpboot: Allowing 2 CPUs, 0 hotplug CPUs
[    0.000000] PM: Registered nosave memory: [mem 0x00000000-0x00000fff]
[    0.000000] PM: Registered nosave memory: [mem 0x0009f000-0x0009ffff]
[    0.000000] PM: Registered nosave memory: [mem 0x000a0000-0x000effff]
[    0.000000] PM: Registered nosave memory: [mem 0x000f0000-0x000fffff]
[    0.000000] e820: [mem 0x40000000-0xfebfffff] available for PCI devices
[    0.000000] Booting paravirtualized kernel on KVM
[    0.000000] clocksource: refined-jiffies: mask: 0xffffffff max_cycles: 0xffffffff, max_idle_ns: 7645519600211568 ns
[    0.000000] setup_percpu: NR_CPUS:512 nr_cpumask_bits:512 nr_cpu_ids:2 nr_node_ids:1
[    0.000000] PERCPU: Embedded 34 pages/cpu @ffff88003f00000 s98328 r8192 d32744 u1048576
[    0.000000] PV qspinlock hash table entries: 256 (order: 0, 4096 bytes)
[    0.000000] Built 1 zonelists in Node order, mobility grouping on.  Total pages: 257913
[    0.000000] Policy zone: DMA32
[    0.000000] Kernel command line: BOOT_IMAGE=/boot/vmlinuz-4.4.0-98-generic root=LABEL=cloudimg-rootfs ro console=tty1 console=ttyS0
[    0.000000] PID hash table entries: 4096 (order: 3, 32768bytes)
[    0.000000] Memory: 1001740K/1048120K available (8484K kernel code, 1294K rwdata, 3988K rodata, 1492K init, 1316K bss, 46380K reserved, 0K cma-reserved)
[    0.000000] SLUB: HWalign=64, Order=0-3, MinObjects=0, CPUs=2, Nodes=1
[    0.000000] Hierarchhicl RCU implementation.
[    0.000000] 	Build-time adjustment of leaf fanout to 64.
[    0.000000] 	RCU restricting CPUs from NR_CPUS=512 to nr_cpu_ids=2.
[    0.000000] RCU: Adjusting geometry for rcu_fanout_leaf=64, nr_cpu_ids=2
[    0.000000] NR_IQS:33024 nr_irqs:440 16
[    0.000000] Cnsol: colur GA+ 80x25
[    0.000000] console [tty1] enabled
[    0.000000] console [ttyS0] enabled
[    0.000000] tsc: Detected 1103.999 MHz processor
[    1.118171] Calibrating delay loop (skipped) preset value.. 2207.99 BogoMIPS (lpj=4415996)
[    1.128769] pid_max: default: 32768 minimum: 301
[    1.130288] ACPI: Core revision 20150930
[    1.133198] ACPI: 2 ACPI AML tables successfully acquired and loaded
[    1.135399] Security Framework initialized
[    1.195669] Yama: becoming mindful.
[    1.197047] AppArmor: AppArmor initialized
[    1.198566] Dentry cache hash table entries: 131072 (order: 8, 1048576 bytes)
[    1.200888] Inode-cache hash table entries: 65536 (order: 7, 524288 bytes)
[    1.205026] Mount-cache hash table entries: 2048 (order: 2, 16384 bytes)
[    1.266791] Mountpoint-cache hash table entries: 2048 (order: 2, 16384 bytes)
[    1.269095] Initializing cgroup subsys io
[    1.270487] Initializing cgroup subsys memory
[    1.271951] Initializing cgroup subsys devices
[    1.282376] Initializing cgroup subsys freezer
[    1.323704] Initializing cgroup subsys net_cls
[    1.325187] Initializing cgroup subsys perf_event
[    1.332405] Initializing cgroup subsys net_prio
[    1.334041] Initializing cgroup subsys hugetlb
[    1.335512] Initializing cgroup subsys pids
[    1.337044] CPU: Physical Processor ID: 0
[    1.338453] CPU: Processor Core ID: 0
[    1.341103] mce: CPU supports 0 MCE banks
[    1.342511] Last level iTLB entries: 4KB 64, 2MB 8, 4MB 8
[    1.344213] Last level dTLB entries: 4KB 64, 2MB 0, 4MB 0, 1GB 4
[    1.348848] Freeing SMP alternatives memory: 32K
[    1.380799] ftrace: allocating 32154 entries in 126 pages
[    1.439511] smpboot: APIC(0) Converting physical 0 to logical package 0
[    1.451864] smpboot: Max logical packages: 1
[    1.453650] x2apic enabled
[    1.455121] Switched APIC routing to physical x2apic.
[    1.479774] ..TIMER: vector=0x30 apic1=0 pin1=2 apic2=-1 pin2=-1
[    1.645885] smpboot: CPU0: Intel(R) Core(TM) m3-6Y30 CPU @ 0.90GHz (family: 0x6, model: 0x4e, stepping: 0x3)
[    1.657204] Performance Events: unsupported p6 CPU model 78 no PMU driver, software events only.
[    1.668709] KVM setup paravirtual spinlock
[    1.671305] x86: Booting SMP configuration:
[    1.691070] .... node  #0, CPUs:      #1
[    1.692553] kvm-clock: cpu 1, msr 0:3ffe3041, secondary cpu clock
[    1.695615] mce: CPU supports 0 MCE banks
[    1.700204] x86: Booted up 1 node, 2 CPUs
[    1.701941] smpboot: Total of 2 processors activated (4415.99 BogoMIPS)
[    1.704403] devtmpfs: initialized
[    1.735782] evm: security.selinux
[    1.770770] evm: security.SMACK64
[    1.771966] evm: security.SMACK64EXEC
[    1.779598] evm: security.SMACK64TRANSMUTE
[    1.781154] evm: security.SMACK64MMAP
[    1.782445] evm: security.ima
[    1.783539] evm: security.capability
[    1.785103] clocksource: jiffies: mask: 0xffffffff max_cycles: 0xffffffff, max_idle_ns: 7645041785100000 ns
[    1.788218] futex hash table entries: 512 (order: 3, 32768 bytes)
[    1.790318] pinctrl core: initialized pinctrl subsystem
[    1.792116] RTC time:  7:10:55, date: 11/16/17
[    1.795718] NET: Registered protocol family 16
[    1.850894] cpuidle: using governor ladder
[    1.862813] cpuidle: using governor menu
[    1.908111] PCCT header not found.
[    1.909466] ACPI: bus type PCI registered
[    1.928124] acpiphp: ACPI Hot Plug PCI Controller Driver version: 0.5
[    1.932406] PCI: Using configuration type 1 for base access
[    1.947268] ACPI: Added _OSI(Module Device)
[    1.967299] ACPI: Added _OSI(Processor Device)
[    1.971052] ACPI: Added _OSI(3.0 _SCP Extensions)
[    1.972588] ACPI: Added _OSI(Processor Aggregator Device)
[    1.975266] ACPI: Executed 1 blocks of module-level executable AML code
[    1.999341] ACPI: Interpreter enabled
[    2.000764] ACPI: (supports S0 S5)
[    2.001990] ACPI: Using IOAPIC for interrupt routing
[    2.003784] PCI: Using host bridge windows from ACPI; if necessary, use "pci=nocrs" and report a bug
[    2.011991] ACPI: PCI Root Bridge [PCI0] (domain 0000 [bus 00-ff])
[    2.047617] acpi PNP0A03:00: _OSC: OS supports [ASPM ClockPM Segments MSI]
[    2.049752] acpi PNP0A03:00: _OSC: not requesting OS control; OS requires [ExtendedConfig ASPM ClockPM MSI]
[    2.067678] acpi PNP0A03:00: fail to add MMCONFIG information, can't access extended PCI configuration space under this bridge.
[    2.071582] PCI host bridge to bus 0000:00
[    2.072974] pci_bus 0000:00: root bus resource [io  0x0000-0x0cf7 window]
[    2.075170] pci_bus 0000:00: root bus resource [io  0x0d00-0xffff window]
[    2.088005] pci_bus 0000:00: root bus resource [mem 0x000a0000-0x000bffff window]
[    2.090534] pci_bus 0000:00: root bus resource [mem 0x40000000-0xfdffffff window]
[    2.207464] pci_bus 0000:00: root bus resource [bus 00-ff]
[    2.240982] pci 0000:00:01.1: legacy IDE quirk: reg 0x10: [io  0x01f0-0x01f7]
[    2.243219] pci 0000:00:01.1: legacy IDE quirk: reg 0x14: [io  0x03f6]
[    2.245270] pci 0000:00:01.1: legacy IDE quirk: reg 0x18: [io  0x0170-0x0177]
[    2.249474] pci 0000:00:01.1: legacy IDE quirk: reg 0x1c: [io  0x0376]
[    2.272996] pci 0000:00:07.0: quirk: [io  0x4000-0x403f] claimed by PIIX4 ACPI
[    2.285652] pci 0000:00:07.0: quirk: [io  0x4100-0x410f] claimed by PIIX4 SMB
[    2.298741] ACPI: PCI Interrupt Link [LNKA] (IRQs 5 9 10 *11)
[    2.322708] ACPI: PCI Interrupt Link [LNKB] (IRQs 5 9 *10 11)
[    2.332874] ACPI: PCI Interrupt Link [LNKC] (IRQs 5 *9 10 11)
[    2.341059] ACPI: PCI Interrupt Link [LNKD] (IRQs 5 9 10 *11)
[    2.346677] ACPI: Enabled 2 GPEs in block 00 to 07
[    2.354451] vgaarb: setting as boot device: PCI:0000:00:02.0
[    2.356266] vgaarb: device added: PCI:0000:00:02.0,decodes=io+mem,owns=io+mem,locks=none
[    2.359011] vgaarb: loaded
[    2.360075] vgaarb: bridge control possible 0000:00:02.0
[    2.362131] SCSI subsystem initialized
[    2.365256] ACPI: bus type USB registered
[    2.366768] usbcore: registered new interface driver usbfs
[    2.368551] usbcore: registered new interface driver hub
[    2.370441] usbcore: registered new device driver usb
[    2.373039] PCI: Using ACPI for IRQ routing
[    2.375885] NetLabel: Initializing
[    2.379950] NetLabel:  domain hash size = 128
[    2.383379] NetLabel:  protocols = UNLABELED CIPSOv4
[    2.386030] NetLabel:  unlabeled traffic allowed by default
[    2.395844] amd_nb: Cannot enumerate AMD northbridges
[    2.397655] clocksource: Switched to clocksource kvm-clock
[    2.415198] AppArmor: AppArmor Filesystem Enabled
[    2.418548] pnp: PnP ACPI init
[    2.422773] pnp: PnP ACPI: found 3 devices
[    2.439816] clocksource: acpi_pm: mask: 0xffffff max_cycles: 0xffffff, max_idle_ns: 2085701024 ns
[    2.445917] NET: Registered protocol family 2
[    2.448140] TCP established hash table entries: 8192 (order: 4, 65536 bytes)
[    2.450368] TCP bind hash table entries: 8192 (order: 5, 131072 bytes)
[    2.452363] TCP: Hash tables configured (established 8192 bind 8192)
[   2.456477] UDP hash table entries: 512 (order: 2, 16384 bytes)
[    2.492511] UDP-Lite hash table entries: 512 (order: 2, 16384 bytes)
[    2.496742] NET: Registered protocol family 1
[  2.499737] pci 0000:00:00.0: Limiting direct PCI/PCI transfers
[    2.563652] pci 0000:00:01.0: Activating ISA DMA hang workarounds
[    2.565713] Unpacking initramfs...

[    5.320089] Freeing initrd memory: 10824K
[    5.327461] platform rtc_cmos: registered platform RTC device (no PNP device found)
[    330933] Scanning for low memory corruption every 60 seconds

[    5.394613] audit: initializing netlink subsys (disabled)
[    5.396401] audit: type=2000 audit(1510816261.996:1): initialized
[    5.398665] Initialise system trusted keyring
[    5.400338] HugeTLB registered 2 MB page size, pre-allocated 0 pages
[    5.404121] zbud: loaded
[    5.405442] VFS: Disk quotas dquot_6.6.0
[    5.408640] VFS: Dquot-cache hash table entries: 512 (order 0, 4096 bytes)
[    5.417438] squashfs: version 4.0 (2009/01/31) Phillip Lougher
[    5.420138] fuse init (API version 7.23)
[    5.421649] Key type big_key registered
[    5.423102] Allocating IMA MOK and blacklist keyrings.
[    5.426921] Key type asymmetric registered
[    5.428314] Asymmetric key parser 'x509' registered
[    5.429927] Block layer SCSI generic (bsg) driver version 0.4 loaded (major 249)
[    5.432611] io scheduler noop registered
[    5.433959] io scheduler deadline registered (default)
[    5.448546] io scheduler cfq registered
[    5.450024] pci_hotplug: PCI Hot Plug PCI Core version: 0.5
[    5.459435] pciehp: PCI Express Hot Plug Controller Driver version: 0.4
[    5.461964] ACPI: AC Adapter [AC] (off-line)
[    5.463647] input: Power Button as /devices/LNXSYSTM:00/LNXPWRBN:00/input/input0
[    5.466163] ACPI: Power Button [PWRF]
[    5.467754] input: Sleep Button as /devices/LNXSYSTM:00/LNXSLPBN:00/input/input1
[    5.471212] ACPI: Sleep Button [SLPF]
[    5.473888] GHES: HEST is not enabled!
[    5.474025] ACPI: Battery Slot [BAT0] (battery present)
[    5.478666] Serial: 8250/16550 driver, 32 ports, IRQ sharing enabled
[    5.508522] 00:02: ttyS0 at I/O 0x3f8 (irq = 4, base_baud = 115200) is a 16550A
[    5.512534] Linux agpgart interface v0.103
[    5.516293] loop: module loaded
[    5.527611] scsi host0: ata_piix
[    5.529013] scsi host1: ata_piix
[    5.530529] ata1: PATA max UDMA/33 cmd 0x1f0 ctl 0x3f6 bmdma 0xd000 irq 14
[    5.532594] ata2: PATA max UDMA/33 cmd 0x170 ctl 0x376 bmdma 0xd008 irq 15
[    5.535005] libphy: Fixed MDIO Bus: probed
[    5.536587] tun: Universal TUN/TAP device driver, 1.6
[    5.539798] tun: (C) 1999-2004 Max Krasnyansky <maxk@qualcomm.com>
[    5.549075] PPP generic driver version 2.4.2
[    5.550856] ehci_hcd: USB 2.0 'Enhanced' Host Controller (EHCI) Driver
[    5.553185] ehci-pci: EHCI PCI platform driver
[    5.554858] ehci-platform: EHCI generic platform driver
[    5.563240] ohci_hcd: USB 1.1 'Open' Host Controller (OHCI) Driver
[    5.565152] ohci-pci: OHCI PCI platform driver
[    5.566894] ohci-platform: OHCI generic platform driver
[    5.568599] uhci_hcd: USB Universal Host Controller Interface driver
[    5.570996] i8042: PNP: PS/2 Controller [PNP0303:PS2K,PNP0f03:PS2M] at 0x60,0x64 irq 1,12
[    5.574309] serio: i8042 KBD port at 0x60,0x64 irq 1
[    5.575931] serio: i8042 AUX port at 0x60,0x64 irq 12
[    5.577688] mousedev: PS/2 mouse device common for all mice
[    5.581827] input: AT Translated Set 2 keyboard as /devices/platform/i8042/serio0/input/input2
[    5.586089] rtc_cmos rtc_cmos: rtc core: registered rtc_cmos as rtc0
[    5.588781] rtc_cmos rtc_cmos: alarms up to one day, 114 bytes nvram
[    5.592157] i2c /dev entries driver
[    5.593874] device-mapper: uevent: version 1.0.3
[    5.597107] device-mapper: ioctl: 4.34.0-ioctl (2015-10-28) initialised: dm-devel@redhat.com
[    5.602924] ledtrig-cpu: registered to indicate activity on CPUs
[    5.610339] NET: Registered protocol family 10
[    5.613639] NET: Registered protocol family 17
[    5.618550] Key type dns_resolver registered
[    5.622223] microcode: CPU0 sig=0x406e3, pf=0x2, revision=0x0
[    5.726769] microcode: CPU1 sig=0x406e3, pf=0x2, revision=0x0
[    5.755791] microcode: Microcode Update Driver: v2.01 <tigran@aivazian.fsnet.co.uk>, Peter Oruba
[    5.792704] registered taskstats version 1
[    5.801117] Loading compiled-in X.509 certificates
[    5.891468] Loaded X.509 cert 'Build time autogenerated kernel key: 7431eaeda5a51458aeb00f8de0f18f89e178d882'
[    5.897768] zswap: loaded using pool lzo/zbud
[    5.901245] Key type trusted registered
[    5.908651] Key type encrypted registered
[    5.912193] AppArmor: AppArmor sha1 policy hashing enabled
[    5.915305] ima: No TPM chip found, activating TPM-bypass!
[    5.917050] evm: HMAC attrs: 0x1
[    5.918948]   Magic number: 9:589:167
[    5.920613] acpi PNP0000:00: hash matches
[    5.922082] rtc_cmos rtc_cmos: setting system clock to 2017-11-16 07:10:59 UTC (1510816259)
[    5.932258] BIOS EDD facility v0.16 2004-Jun-25, 0 devices found
[    5.934254] EDD information not available.
[    5.937447] Freeing unused kernel memory: 1492K
[    5.948217] Write protecting the kernel read-only data: 14336k
[    5.950906] Freeing unused kernel memory: 1744K
[    5.952744] Freeing unused kernel memory: 108K
Loading, please wait...
starting version[    5.970375] random: systemd-udevd: uninitialized urandom read (16 bytes read, 3 bits of entropy available)
 229
[    5.971595] random: udevadm: uninitialized urandom read (16 bytes read, 3 bits of entropy available)
[    5.971624] random: udevadm: uninitialized urandom read (16 bytes read, 3 bits of entropy available)
[    5.979898] random: systemd-udevd: uninitialized urandom read (16 bytes read, 3 bits of entropy available)
[    5.984728] random: udevadm: uninitialized urandom read (16 bytes read, 3 bits of entropy available)
[    5.984791] random: udevadm: uninitialized urandom read (16 bytes read, 3 bits of entropy available)
[    5.984987] random: udevadm: uninitialized urandom read (16 bytes read, 3 bits of entropy available)
[    5.985059] random: udevadm: uninitialized urandom read (16 bytes read, 3 bits of entropy available)
[    5.985134] random: udevadm: uninitialized urandom read (16 bytes read, 3 bits of entropy available)
[    5.985205] random: udevadm: uninitialized urandom read (16 bytes read, 3 bits of entropy available)
[    6.061064] e1000: Intel(R) PRO/1000 Network Driver - version 7.3.21-k8-NAPI
[    6.069759] e1000: Copyright (c) 1999-2006 Intel Corporation.
[    6.077268] Fusion MPT base driver 3.04.20
[    6.081586] Copyright (c) 1999-2008 LSI Corporation
[    6.093047] Fusion MPT SPI Host driver 3.04.20
[    6.152862] AVX2 version of gcm_enc/dec engaged.
[    6.155618] AES CTR mode by8 optimization enabled
[    6.287857] input: ImExPS/2 Generic Explorer Mouse as /devices/platform/i8042/serio1/input/input4
[    6.325788] tsc: Refined TSC clocksource calibration: 1104.262 MHz
[    6.338047] clocksource: tsc: mask: 0xffffffffffffffff max_cycles: 0xfead38a761, max_idle_ns: 440795218572 ns
[    6.535553] e1000 0000:00:03.0 eth0: (PCI:33MHz:32-bit) 02:53:17:3c:de:80
[    6.539656] e1000 0000:00:03.0 eth0: Intel(R) PRO/1000 Network Connection
[    6.976225] e1000 0000:00:08.0 eth1: (PCI:33MHz:32-bit) 08:00:27:b3:e0:5d
[    6.978615] e1000 0000:00:08.0 eth1: Intel(R) PRO/1000 Network Connection
[    6.982560] e1000 0000:00:08.0 enp0s8: renamed from eth1
[    6.993841] mptbase: ioc0: Initiating bringup
[    7.010613] e1000 0000:00:03.0 enp0s3: renamed from eth0
[    7.065907] ioc0: LSI53C1030 A0: Capabilities={Initiator}
[    7.228357] scsi host2: ioc0: LSI53C1030 A0, FwRev=00000000h, Ports=1, MaxQ=256, IRQ=20
[    7.342352] scsi 2:0:0:0: Direct-Access     VBOX     HARDDISK         1.0  PQ: 0 ANSI: 5
[    7.348956] scsi target2:0:0: Beginning Domain Validation
[    7.353143] scsi target2:0:0: Domain Validation skipping write tests
[    7.356313] scsi target2:0:0: Ending Domain Validation
[    7.358051] scsi target2:0:0: asynchronous
[    7.359926] scsi 2:0:1:0: Direct-Access     VBOX     HARDDISK         1.0  PQ: 0 ANSI: 5
[    7.377666] scsi target2:0:1: Beginning Domain Validation
[    7.541755] scsi target2:0:1: Domain Validation skipping write tests
[    8.188629] scsi target2:0:1: Ending Domain Validation
[    8.196822] scsi target2:0:1: asynchronous
[    8.209068] sd 2:0:0:0: Attached scsi generic sg0 type 0
[    8.216991] sd 2:0:0:0: [sda] 20971520 512-byte logical blocks: (10.7 GB/10.0 GiB)
[    8.217414] sd 2:0:1:0: [sdb] 20480 512-byte logical blocks: (10.5 MB/10.0 MiB)
[    8.217632] sd 2:0:1:0: [sdb] Write Protect is off
[    8.217800] sd 2:0:1:0: [sdb] Incomplete mode parameter data
[    8.217802] sd 2:0:1:0: [sdb] Assuming drive cache: write through
[    8.219961] sd 2:0:1:0: [sdb] Attached SCSI disk
[    8.220055] sd 2:0:1:0: Attached scsi generic sg1 type 0
[    8.328690] sd 2:0:0:0: [sda] Write Protect is off
[    8.339829] sd 2:0:0:0: [sda] Incomplete mode parameter data
[    8.341616] sd 2:0:0:0: [sda] Assuming drive cache: write through
[    8.352806]  sda: sda1
[    8.355777] sd 2:0:0:0: [sda] Attached SCSI disk
[    9.078769] floppy0: no floppy controllers found
Begin: Loading essential drivers ... [   10.742563] md: linear personality registered for level -1
[   10.758548] md: multipath personality registered for level -4
[   10.811180] md: raid0 personality registered for level 0
[   10.877018] md: raid1 personality registered for level 1
[   11.005915] raid6: sse2x1   gen()  5625 MB/s
[   11.125926] raid6: sse2x1   xor()  4595 MB/s
[   11.229896] raid6: sse2x2   gen()  8126 MB/s
[   11.349700] raid6: sse2x2   xor()  5629 MB/s
[   11.441826] raid6: sse2x4   gen()  6130 MB/s
[   11.514324] raid6: sse2x4   xor()  1562 MB/s
[   11.585685] raid6: avx2x1   gen() 11873 MB/s
[   11.653848] raid6: avx2x2   gen() 14691 MB/s
[   11.725747] raid6: avx2x4   gen() 16431 MB/s
[   11.731028] raid6: using algorithm avx2x4 gen() 16431 MB/s
[   11.732730] raid6: using avx2x2 recovery algorithm
[   11.736182] xor: automatically using best checksumming function:
[   11.790037]    avx       : 13641.000 MB/sec
[   11.807435] async_tx: api initialized (async)
[   11.819933] md: raid6 personality registered for level 6
[   11.822855] md: raid5 personality registered for level 5
[   11.824553] md: raid4 personality registered for level 4
[   11.832875] md: raid10 personality registered for level 10
done.
Begin: Running /scripts/init-premount ... done.
Begin: Mounting root file system ... Begin: Running /scripts/local-top ... done.
Begin: Running /scripts/local-premount ... [   11.873072] Btrfs loaded
Scanning for Btrfs filesystems
done.
Warning: fsck not present, so skipping root file system
[   11.916815] EXT4-fs (sda1): mounted filesystem with ordered data mode. Opts: (null)
done.
Begin: Running /scripts/local-bottom ... done.
Begin: Running /scripts/init-bottom ... done.
[   12.070103] systemd[1]: systemd 229 running in system mode. (+PAM +AUDIT +SELINUX +IMA +APPARMOR +SMACK +SYSVINIT +UTMP +LIBCRYPTSETUP +GCRYPT +GNUTLS +ACL +XZ -LZ4 +SECCOMP +BLKID +ELFUTILS +KMOD -IDN)
[   12.086923] systemd[1]: Detected virtualization oracle.
[   12.088679] systemd[1]: Detected architecture x86-64.

Welcome to [1mUbuntu 16.04.3 LTS[0m!

[   12.096816] systemd[1]: Set hostname to <ubuntu-xenial>.
[   12.437915] systemd[1]: Listening on udev Kernel Socket.
[[0;32m  OK  [0m] Listening on udev Kernel Socket.
[   12.451157] systemd[1]: Started Forward Password Requests to Wall Directory Watch.
[[0;32m  OK  [0m] Started Forward Password Requests to Wall Directory Watch.
[   12.490271] systemd[1]: Listening on Journal Socket.
[[0;32m  OK  [0m] Listening on Journal Socket.
[   12.506138] systemd[1]: Reached target Swap.
[[0;32m  OK  [0m] Reached target Swap.
[   12.516301] systemd[1]: Created slice System Slice.
[[0;32m  OK  [0m] Created slice System Slice.
[   12.550173] systemd[1]: Mounting Debug File System...
         Mounting Debug File System...
[   12.590046] systemd[1]: Starting Uncomplicated firewall...
         Starting Uncomplicated firewall...
[   12.608099] systemd[1]: Starting Set console keymap...
         Starting Set console keymap...
[   12.642561] systemd[1]: Created slice User and Session Slice.
[[0;32m  OK  [0m] Created slice User and Session Slice.
[   12.686404] systemd[1]: Set up automount Arbitrary Executable File Formats File System Automount Point.
[[0;32m  OK  [0m] Set up automount Arbitrary Executab...ats File System Automount Point.
[   12.715927] systemd[1]: Created slice system-serial\x2dgetty.slice.
[[0;32m  OK  [0m] Created slice system-serial\x2dgetty.slice.
[   12.720378] systemd[1]: Listening on Journal Audit Socket.
[[0;32m  OK  [0m] Listening on Journal Audit Socket.
[   12.749965] systemd[1]: Mounting Huge Pages File System...
         Mounting Huge Pages File System...
[   12.762301] systemd[1]: Starting Create list of required static device nodes for the current kernel...
         Starting Create list of required st... nodes for the current kernel...
[   12.778244] systemd[1]: Listening on Device-mapper event daemon FIFOs.
[[0;32m  OK  [0m] Listening on Device-mapper event daemon FIFOs.
[   12.786487] systemd[1]: Listening on /dev/initctl Compatibility Named Pipe.
[[0;32m  OK  [0m] Listening on /dev/initctl Compatibility Named Pipe.
[   12.792122] systemd[1]: Listening on udev Control Socket.
[[0;32m  OK  [0m] Listening on udev Control Socket.
[   12.806231] systemd[1]: Starting Nameserver information manager...
         Starting Nameserver information manager...
[   12.831325] systemd[1]: Reached target User and Group Name Lookups.
[[0;32m  OK  [0m] Reached target User and Group Name Lookups.
[   12.854366] systemd[1]: Mounting POSIX Message Queue File System...
         Mounting POSIX Message Queue File System...
[   12.862149] systemd[1]: Listening on LVM2 metadata daemon socket.
[[0;32m  OK  [0m] Listening on LVM2 metadata daemon socket.
[   12.867991] systemd[1]: Starting Monitoring of LVM2 mirrors, snapshots etc. using dmeventd or progress polling...
         Starting Monitoring of LVM2 mirrors... dmeventd or progress poll[   12.894996] random: nonblocking pool is initialized
ing...
[   12.918365] systemd[1]: Starting Load Kernel Modules...
         Starting Load Kernel Modules...
[   12.928472] systemd[1]: Reached target Slices.
[   12.935341] Loading iSCSI transport class v2.0-870.
[[0;32m  OK  [0m] Reached target Slices.
[   12.947020] systemd[1]: Starting Remount Root and Kernel File Systems...
[   12.980927] iscsi: registered transport (tcp)
         Starting Remount Root and Kernel File Systems...
[   12.988183] systemd[1]: Reached target Encrypted Volumes.
[   12.989594] EXT4-fs (sda1): re-mounted. Opts: (null)
[[0;32m  OK  [0m] Reached target Encrypted Volumes.
[   13.019702] systemd[1]: Listening on Syslog Socket.
[[0;32m  OK  [0m] Listening on Syslog Socket.
[   13.102047] systemd[1]: Listening on LVM2 poll daemon socket.
[   13.158360] iscsi: registered transport (iser)
[[0;32m  OK  [0m] Listening on LVM2 poll daemon socket.
[   13.170281] systemd[1]: Listening on Journal Socket (/dev/log).
[[0;32m  OK  [0m] Listening on Journal Socket (/dev/log).
[   13.197936] systemd[1]: Starting Journal Service...
         Starting Journal Service...
[   13.239036] systemd[1]: Started Trigger resolvconf update for networkd DNS.
[[0;32m  OK  [0m] Started Trigger resolvconf update for networkd DNS.
[   13.319510] systemd[1]: Mounted Huge Pages File System.
[[0;32m  OK  [0m] Mounted Huge Pages File System.
[  13.377770] systemd[1]: Mounted Debug File System.

[[0;32m  OK  [0m] Mounted Debug File System.
[   13.416322] systemd[1]: Mounted POSIX Message Queue File System.
[[0;32m  OK  [0m] Mounted POSIX Message Queue File System.
[   13.428876] systemd[1]: Started Journal Service.
[[0;32m  OK  [0m] Started Journal Service.
[[0;32m  OK  [0m] Started Uncomplicated firewall.
[[0;32m  OK  [0m] Started Set console keymap.
[[0;32m  OK  [0m] Started Create list of required sta...ce nodes for the current kernel.
[[0;32m  OK  [0m] Started Load Kernel Modules.
[[0;32m  OK  [0m] Started Remount Root and Kernel File Systems.
[[0;32m  OK  [0m] Started Nameserver information manager.
[[0;32m  OK  [0m] Started LVM2 metadata daemon.
         Starting Load/Save Random Seed...
         Starting Initial cloud-init job (pre-networking)...
         Starting udev Coldplug all Devices...
         Starting Apply Kernel Variables...
         Mounting FUSE Control File System...
         Starting Create Static Device Nodes in /dev...
         Starting Flush Journal to Persistent Storage...
[[0;32m  OK  [0m] Mounted FUSE Control File System.
[[0;32m  OK  [0m] Started Monitoring of LVM2 mirrors,...ng dmeventd or progress polling.
[[0;32m  OK  [0m] Started Load/Save Random Seed.
[[0;32m  OK  [0m] Started Apply Kernel Variables.
[[0;32m  OK  [0m] Started Create Static Device Nodes in /dev.
[[0;32m  OK  [0m] Started udev Coldplug all Devices.
[[0;32m  OK  [0m] Started Flush Journal to Persistent Storage.
         Starting udev Kernel Device Manager...
[[0;32m  OK  [0m] Started udev Kernel Device Manager.
[[0;32m  OK  [0m] Reached target Local File Systems (Pre).
[[0;32m  OK  [0m] Reached target Local File Systems.
         Starting Tell Plymouth To Write Out Runtime Data...
         Starting Set console font and keymap...
         Starting LSB: AppArmor initialization...
         Starting Create Volatile Files and Directories...
[[0;32m  OK  [0m] Started Dispatch Password Requests to Console Directory Watch.
[[0;32m  OK  [0m] Started Tell Plymouth To Write Out Runtime Data.
[[0;32m  OK  [0m] Started Create Volatile Files and Directories.
         Starting Update UTMP about System Boot/Shutdown...
[[0;32m  OK  [0m] Reached target System Time Synchronized.
[[0;32m  OK  [0m] Started Update UTMP about System Boot/Shutdown.
[[0;32m  OK  [0m] Found device /dev/ttyS0.
[[0;32m  OK  [0m] Started LSB: AppArmor initialization.
[[0;32m  OK  [0m] Started Set console font and keymap.
[[0;32m  OK  [0m] Created slice system-getty.slice.
[[0;32m  OK  [0m] Found device 82540EM Gigabit Ethern...r (PRO/1000 MT Desktop Adapter).
[[0;32m  OK  [0m] Listening on Load/Save RF Kill Switch Status /dev/rfkill Watch.
[   13.479227] cloud-init[449]: Cloud-init v. 0.7.9 running 'init-local' at Thu, 16 Nov 2017 07:11:08 +0000. Up 12.84 seconds.
[[0;32m  OK  [0m] Started Initial cloud-init job (pre-networking).
[[0;32m  OK  [0m] Reached target Network (Pre).
[[0;32m  OK  [0m] Started ifup for enp0s8.
         Starting Raise network interfaces...
[[0;32m  OK  [0m] Started ifup for enp0s3.
[[0;32m  OK  [0m] Found device 82540EM Gigabit Ethern...r (PRO/1000 MT Desktop Adapter).
[[0;32m  OK  [0m] Started Raise network interfaces.
[[0;32m  OK  [0m] Reached target Network.
         Starting Initial cloud-init job (metadata service crawler)...
[   16.395022] cloud-init[1073]: Cloud-init v. 0.7.9 running 'init' at Thu, 16 Nov 2017 07:11:11 +0000. Up 16.02 seconds.
[   16.429600] cloud-init[1073]: ci-info: ++++++++++++++++++++++++++++++++++++++Net device info++++++++++++++++++++++++++++++++++++++
[   16.434272] cloud-init[1073]: ci-info: +--------+------+-----------------------------+---------------+-------+-------------------+
[   16.556745] cloud-init[1073]: ci-info: | Device |  Up  |           Address           |      Mask     | Scope |     Hw-Address    |
[   16.557278] cloud-init[1073]: ci-info: +--------+------+-----------------------------+---------------+-------+-------------------+
[[0;32m  OK  [0m] Started Initial cloud-init job (metadata service crawler).
[   16.557529] cloud-init[1073]: ci-info: | enp0s3 | True |          10.0.2.15          | 255.255.255.0 |   .   | 02:53:17:3c:de:80 |
[   16.639280] cloud-init[1073]: ci-info: | enp0s3 | True |  fe80::53:17ff:fe3c:de80/64 |       .       |  link | 02:53:17:3c:de:80 |
[   16.639702] cloud-init[1073]: ci-info: | enp0s8 | True |        192.168.10.11        | 255.255.255.0 |   .   | 08:00:27:b3:e0:5d |
[[0;32m  OK  [0m] Reached target Cloud-config availability.
[[   16.639966] cloud-init[1073]: ci-info: | enp0s8 | True | fe80::a00:27ff:feb3:e05d/64 |       .       |  link | 08:00:27:b3:e0:5d |
[   16.702622] cloud-init[1073]: ci-info: |   lo   | True |          127.0.0.1          |   255.0.0.0   |   .   |         .         |
[   16.702845] cloud-init[1073]: ci-info: |   lo   | True |           ::1/128           |       .       |  host |         .         |
[   16.703114] cloud-init[1073]: ci-info: +--------+------+-----------------------------+---------------+-------+-------------------+
[   16.703375] cloud-init[1073]: ci-info: ++++++++++++++++++++++++++++Route IPv4 info++++++++++++++++++++++++++++
[   16.703643] cloud-init[1073]: ci-info: +-------+--------------+----------+---------------+-----------+-------+
[   16.703912] cloud-init[1073]: ci-info: | Route | Destination  | Gateway  |    Genmask    | Interface | Flags |
[   16.704473] cloud-init[1073]: ci-info: +-------+--------------+----------+---------------+-----------+-------+
[   16.704728] cloud-init[1073]: ci-info: |   0   |   0.0.0.0    | 10.0.2.2 |    0.0.0.0    |   enp0s3  |   UG  |
[   16.704994] cloud-init[1073]: ci-info: |   1   |   10.0.2.0   | 0.0.0.0  | 255.255.255.0 |   enp0s3  |   U   |
[   16.705262] cloud-init[1073]: ci-info: |   2   | 192.168.10.0 | 0.0.0.0  | 255.255.255.0 |   enp0s8  |   U   |
[   16.705532] cloud-init[1073]: ci-info: +-------+--------------+----------+---------------+-----------+-------+
[0;32m  OK  [0m] Reached target Network is Online.
         Starting iSCSI initiator daemon (iscsid)...
[[0;32m  OK  [0m] Reached target System Initialization.
[[0;32m  OK  [0m] Started Timer to automatically refresh installed snaps.
[[0;32m  OK  [0m] Listening on ACPID Listen Socket.
[[0;32m  OK  [0m] Listening on D-Bus System Message Bus Socket.
         Starting Socket activation for snappy daemon.
[[0;32m  OK  [0m] Started Daily apt download activities.
[[0;32m  OK  [0m] Started Daily apt upgrade and clean activities.
[[0;32m  OK  [0m] Listening on UUID daemon activation socket.
         Starting LXD - unix socket.
[[0;32m  OK  [0m] Started ACPI Events Check.
[[0;32m  OK  [0m] Reached target Paths.
[[0;32m  OK  [0m] Started Daily Cleanup of Temporary Directories.
[[0;32m  OK  [0m] Reached target Timers.
[[0;32m  OK  [0m] Listening on Socket activation for snappy daemon.
[[0;32m  OK  [0m] Listening on LXD - unix socket.
[[0;32m  OK  [0m] Started iSCSI initiator daemon (iscsid).
         Starting Login to default iSCSI targets...
[[0;32m  OK  [0m] Reached target Sockets.
[[0;32m  OK  [0m] Reached target Basic System.
[[0;32m  OK  [0m] Started ACPI event daemon.
         Starting Accounts Service...
[[0;32m  OK  [0m] Started Unattended Upgrades Shutdown.
[[0;32m  OK  [0m] Started FUSE filesystem for LXC.
[[0;32m  OK  [0m] Started Deferred execution scheduler.
         Starting Login Service...
         Starting LSB: MD monitoring daemon...
         Starting /etc/rc.local Compatibility...
         Starting LSB: Record successful boot for GRUB...
[[0;32m  OK  [0m] Started Regular background program processing daemon.
[[0;32m  OK  [0m] Started Puppet agent.
         Starting Snappy daemon...
[[0;32m  OK  [0m] Started D-Bus System Message Bus.
         Starting The Marionette Collective...
         Starting System Logging Service...
         Starting OpenBSD Secure Shell server...
         Starting Apply the settings specified in cloud-config...
         Starting LXD - container startup/shutdown...
[[0;32m  OK  [0m] Started Snappy daemon.
[[0;32m  OK  [0m] Started System Logging Service.
[[0;32m  OK  [0m] Started /etc/rc.local Compatibility.
[[0;32m  OK  [0m] Started OpenBSD Secure Shell server.
[[0;32m  OK  [0m] Started Login to default iSCSI targets.
[[0;32m  OK  [0m] Started LXD - container startup/shutdown.
[[0;32m  OK  [0m] Started LSB: MD monitoring daemon.
[[0;32m  OK  [0m] Started LSB: Record successful boot for GRUB.
[[0;32m  OK  [0m] Started Login Service.
         Starting Authenticate and Authorize Users to Run Privileged Tasks...
[[0;32m  OK  [0m] Reached target Remote File Systems (Pre).
[[0;32m  OK  [0m] Reached target Remote File Systems.
         Starting LSB: VirtualBox Linux Additions...
         Starting Permit User Sessions...
         Starting LSB: Set the CPU Frequency Scaling governor to "ondemand"...
         Starting LSB: daemon to balance interrupts for SMP systems...
         Starting LSB: automatic crash report generation...
[[0;32m  OK  [0m] Started Permit User Sessions.
[[0;32m  OK  [0m] Started Authenticate and Authorize Users to Run Privileged Tasks.
[[0;32m  OK  [0m] Started Accounts Service.
         Starting Terminate Plymouth Boot Screen...
         Starting Hold until boot process finishes up...
[[0;32m  OK  [0m] Started LSB: Set the CPU Frequency Scaling governor to "ondemand".
[[0;32m  OK  [0m] Started Terminate Plymouth Boot Screen.
[[0;32m  OK  [0m] Started LSB: daemon to balance interrupts for SMP systems.
[[0;32m  OK  [0m] Started LSB: automatic crash report generation.
[[0;32m  OK  [0m] Started Hold until boot process finishes up.
[[0;32m  OK  [0m] Started Getty on tty1.
         Starting Set console scheme...
[[0;32m  OK  [0m] Started Serial Getty on ttyS0.
[[0;32m  OK  [0m] Reached target Login Prompts.
[[0;32m  OK  [0m] Started LSB: VirtualBox Linux Additions.
[[0;32m  OK  [0m] Started Set console scheme.
[[0;32m  OK  [0m] Created slice User Slice of ubuntu.
         Starting User Manager for UID 1000...
[[0;32m  OK  [0m] Started Session 1 of user ubuntu.
[[0;32m  OK  [0m] Started User Manager for UID 1000.
[[0;32m  OK  [0m] Started The Marionette Collective.
[[0;32m  OK  [0m] Reached target Multi-User System.
[[0;32m  OK  [0m] Reached target Graphical Interface.
         Starting Update UTMP about System Runlevel Changes...
[   19.226408] cloud-init[1186]: Cloud-init v. 0.7.9 running 'modules:config' at Thu, 16 Nov 2017 07:11:14 +0000. Up 18.76 seconds.
[[0;32m  OK  [0m] Started Update UTMP about System Runlevel Changes.
[[0;32m  OK  [0m] Started Apply the settings specified in cloud-config.
         Starting Execute cloud user/final scripts...
[   20.340076] cloud-init[1388]: Cloud-init v. 0.7.9 running 'modules:final' at Thu, 16 Nov 2017 07:11:15 +0000. Up 20.02 seconds.
[   20.366616] cloud-init[1388]: Cloud-init v. 0.7.9 finished at Thu, 16 Nov 2017 07:11:15 +0000. Datasource DataSourceNoCloud [seed=/dev/sdb][dsmode=net].  Up 20.32 seconds
[[0;32m  OK  [0m] Started Execute cloud user/final scripts.
[[0;32m  OK  [0m] Reached target Cloud-init target.

Ubuntu 16.04.3 LTS ubuntu-xenial ttyS0

ubuntu-xenial login: [ 6036.486859] e1000 0000:00:03.0 enp0s3: Detected Tx Unit Hang
[ 6036.486859]   Tx Queue             <0>
[ 6036.486859]   TDH                  <84>
[ 6036.486859]   TDT                  <86>
[ 6036.486859]   next_to_use          <86>
[ 6036.486859]   next_to_clean        <84>
[ 6036.486859] buffer_info[next_to_clean]
[ 6036.486859]   time_stamp           <10015dec2>
[ 6036.486859]   next_to_watch        <85>
[ 6036.486859]   jiffies              <10015e129>
[ 6036.486859]   next_to_watch.status <0>
[ 6038.491360] e1000 0000:00:03.0 enp0s3: Detected Tx Unit Hang
[ 6038.491360]   Tx Queue             <0>
[ 6038.491360]   TDH                  <84>
[ 6038.491360]   TDT                  <86>
[ 6038.491360]   next_to_use          <86>
[ 6038.491360]   next_to_clean        <84>
[ 6038.491360] buffer_info[next_to_clean]
[ 6038.491360]   time_stamp           <10015dec2>
[ 6038.491360]   next_to_watch        <85>
[ 6038.491360]   jiffies              <10015e31e>
[ 6038.491360]   next_to_watch.status <0>
[ 6040.496201] e1000 0000:00:03.0 enp0s3: Detected Tx Unit Hang
[ 6040.496201]   Tx Queue             <0>
[ 6040.496201]   TDH                  <84>
[ 6040.496201]   TDT                  <86>
[ 6040.496201]   next_to_use          <86>
[ 6040.496201]   next_to_clean        <84>
[ 6040.496201] buffer_info[next_to_clean]
[ 6040.496201]   time_stamp           <10015dec2>
[ 6040.496201]   next_to_watch        <85>
[ 6040.496201]   jiffies              <10015e513>
[ 6040.496201]   next_to_watch.status <0>
[ 6040.726658] e1000 0000:00:03.0 enp0s3: Reset adapter
[12630.206318] e1000 0000:00:03.0 enp0s3: Detected Tx Unit Hang
[12630.206318]   Tx Queue             <0>
[12630.206318]   TDH                  <d8>
[12630.206318]   TDT                  <da>
[12630.206318]   next_to_use          <da>
[12630.206318]   next_to_clean        <d8>
[12630.206318] buffer_info[next_to_clean]
[12630.206318]   time_stamp           <1002f077d>
[12630.206318]   next_to_watch        <d9>
[12630.206318]   jiffies              <1002f0a7a>
[12630.206318]   next_to_watch.status <0>
[12632.420310] e1000 0000:00:03.0 enp0s3: Detected Tx Unit Hang
[12632.420310]   Tx Queue             <0>
[12632.420310]   TDH                  <d8>
[12632.420310]   TDT                  <da>
[12632.420310]   next_to_use          <da>
[12632.420310]   next_to_clean        <d8>
[12632.420310] buffer_info[next_to_clean]
[12632.420310]   time_stamp           <1002f077d>
[12632.420310]   next_to_watch        <d9>
[12632.420310]   jiffies              <1002f0ca4>
[12632.420310]   next_to_watch.status <0>
[12635.035281] e1000 0000:00:03.0 enp0s3: Detected Tx Unit Hang
[12635.035281]   Tx Queue             <0>
[12635.035281]   TDH                  <d8>
[12635.035281]   TDT                  <da>
[12635.035281]   next_to_use          <da>
[12635.035281]   next_to_clean        <d8>
[12635.035281] buffer_info[next_to_clean]
[12635.035281]   time_stamp           <1002f077d>
[12635.035281]   next_to_watch        <d9>
[12635.035281]   jiffies              <1002f0f32>
[12635.035281]   next_to_watch.status <0>
[12635.522910] e1000 0000:00:03.0 enp0s3: Reset adapter
